<?xml version="1.0" encoding="UTF-8"?>
<testng-results ignored="0" total="3" passed="3" failed="0" skipped="0">
  <reporter-output>
    <line>
      <![CDATA[Kawasaki launched]]>
    </line>
    <line>
      <![CDATA[Yamaha launched]]>
    </line>
    <line>
      <![CDATA[SampleTest class executed]]>
    </line>
  </reporter-output>
  <suite started-at="2025-03-22T15:37:21 IST" name="Surefire suite" finished-at="2025-03-22T15:37:29 IST" duration-ms="7990">
    <groups>
    </groups>
    <test started-at="2025-03-22T15:37:21 IST" name="Surefire test" finished-at="2025-03-22T15:37:29 IST" duration-ms="7990">
      <class name="bikes.KawasakiTest">
        <test-method signature="launch()[pri:0, instance:bikes.KawasakiTest@45dd4eda]" started-at="2025-03-22T15:37:21 IST" name="launch" finished-at="2025-03-22T15:37:24 IST" duration-ms="2716" status="PASS">
          <reporter-output>
            <line>
              <![CDATA[Kawasaki launched]]>
            </line>
          </reporter-output>
        </test-method> <!-- launch -->
      </class> <!-- bikes.KawasakiTest -->
      <class name="bikes.YamahaTest">
        <test-method signature="launch()[pri:0, instance:bikes.YamahaTest@11dc3715]" started-at="2025-03-22T15:37:24 IST" name="launch" finished-at="2025-03-22T15:37:29 IST" duration-ms="5235" status="PASS">
          <reporter-output>
            <line>
              <![CDATA[Yamaha launched]]>
            </line>
          </reporter-output>
        </test-method> <!-- launch -->
      </class> <!-- bikes.YamahaTest -->
      <class name="demo.SampleTest">
        <test-method signature="demo()[pri:0, instance:demo.SampleTest@69930714]" started-at="2025-03-22T15:37:29 IST" name="demo" finished-at="2025-03-22T15:37:29 IST" duration-ms="1" status="PASS">
          <reporter-output>
            <line>
              <![CDATA[SampleTest class executed]]>
            </line>
          </reporter-output>
        </test-method> <!-- demo -->
      </class> <!-- demo.SampleTest -->
    </test> <!-- Surefire test -->
  </suite> <!-- Surefire suite -->
</testng-results>
