<?xml version="1.0" encoding="UTF-8"?>
<testng-results ignored="0" total="1" passed="1" failed="0" skipped="0">
  <reporter-output>
  </reporter-output>
  <suite started-at="2025-03-23T10:54:16 IST" name="Default suite" finished-at="2025-03-23T10:54:22 IST" duration-ms="5901">
    <groups>
    </groups>
    <test started-at="2025-03-23T10:54:16 IST" name="Default test" finished-at="2025-03-23T10:54:22 IST" duration-ms="5901">
      <class name="extentreports.AddScreenshotIntoReport">
        <test-method signature="addScreenshot()[pri:0, instance:extentreports.AddScreenshotIntoReport@1d2adfbe]" started-at="2025-03-23T10:54:16 IST" name="addScreenshot" finished-at="2025-03-23T10:54:22 IST" duration-ms="5856" status="PASS">
          <reporter-output>
          </reporter-output>
        </test-method> <!-- addScreenshot -->
      </class> <!-- extentreports.AddScreenshotIntoReport -->
    </test> <!-- Default test -->
  </suite> <!-- Default suite -->
</testng-results>
